build/outputs/logs/manifest-merger-debug-report.txt
-- Merging decision tree log ---
manifest
ADDED from workspace\SCC Android Project\AndroidManifest.xml:21:1-251:12
	package
		ADDED from workspace\SCC Android Project\AndroidManifest.xml:22:5-35
		INJECTED from workspace\SCC Android Project\AndroidManifest.xml
		INJECTED from workspace\SCC Android Project\AndroidManifest.xml
	android:versionName
		ADDED from workspace\SCC Android Project\AndroidManifest.xml:24:5-32
		INJECTED from workspace\SCC Android Project\AndroidManifest.xml
		INJECTED from workspace\SCC Android Project\AndroidManifest.xml
	android:versionCode
		ADDED from workspace\SCC Android Project\AndroidManifest.xml:23:5-35
		INJECTED from workspace\SCC Android Project\AndroidManifest.xml
		INJECTED from workspace\SCC Android Project\AndroidManifest.xml
	xmlns:android
		ADDED from workspace\SCC Android Project\AndroidManifest.xml:21:11-69
uses-sdk
ADDED from workspace\SCC Android Project\AndroidManifest.xml:26:5-28:41
MERGED from [com.github.nextcloud:android-library:1.0.2] AndroidManifest.xml:30:5-32:41
MERGED from [com.android.support:support-v4:23.4.0] AndroidManifest.xml:20:5-43
MERGED from [com.android.support:design:23.4.0] AndroidManifest.xml:20:5-43
MERGED from [com.android.support:recyclerview-v7:23.4.0] AndroidManifest.xml:20:5-43
MERGED from [com.android.support:support-v4:23.4.0] AndroidManifest.xml:20:5-43
MERGED from [com.android.support:appcompat-v7:23.4.0] AndroidManifest.xml:21:5-23:78
MERGED from [com.android.support:animated-vector-drawable:23.4.0] AndroidManifest.xml:5:5-44
MERGED from [com.android.support:support-vector-drawable:23.4.0] AndroidManifest.xml:5:5-43
MERGED from [com.android.support:support-v4:23.4.0] AndroidManifest.xml:20:5-43
MERGED from [com.android.support:support-v4:23.4.0] AndroidManifest.xml:20:5-43
MERGED from [com.android.support:support-vector-drawable:23.4.0] AndroidManifest.xml:5:5-43
MERGED from [com.android.support:support-v4:23.4.0] AndroidManifest.xml:20:5-43
MERGED from [com.android.support:support-v4:23.4.0] AndroidManifest.xml:20:5-43
MERGED from [com.android.support:appcompat-v7:23.4.0] AndroidManifest.xml:21:5-23:78
MERGED from [com.android.support:animated-vector-drawable:23.4.0] AndroidManifest.xml:5:5-44
MERGED from [com.android.support:support-vector-drawable:23.4.0] AndroidManifest.xml:5:5-43
MERGED from [com.android.support:support-v4:23.4.0] AndroidManifest.xml:20:5-43
MERGED from [com.android.support:support-v4:23.4.0] AndroidManifest.xml:20:5-43
MERGED from [com.android.support:support-vector-drawable:23.4.0] AndroidManifest.xml:5:5-43
MERGED from [com.android.support:support-v4:23.4.0] AndroidManifest.xml:20:5-43
MERGED from [com.android.support:cardview-v7:23.4.0] AndroidManifest.xml:20:5-43
MERGED from [com.getbase:floatingactionbutton:1.10.1] AndroidManifest.xml:8:5-10:41
	tools:overrideLibrary
		ADDED from [com.android.support:appcompat-v7:23.4.0] AndroidManifest.xml:23:9-75
	android:targetSdkVersion
		ADDED from workspace\SCC Android Project\AndroidManifest.xml:28:9-38
	android:minSdkVersion
		ADDED from workspace\SCC Android Project\AndroidManifest.xml:27:9-35
uses-permission#android.permission.GET_ACCOUNTS
ADDED from workspace\SCC Android Project\AndroidManifest.xml:36:5-71
	android:name
		ADDED from workspace\SCC Android Project\AndroidManifest.xml:36:22-68
uses-permission#android.permission.USE_CREDENTIALS
ADDED from workspace\SCC Android Project\AndroidManifest.xml:40:5-74
	android:name
		ADDED from workspace\SCC Android Project\AndroidManifest.xml:40:22-71
uses-permission#android.permission.MANAGE_ACCOUNTS
ADDED from workspace\SCC Android Project\AndroidManifest.xml:41:5-74
	android:name
		ADDED from workspace\SCC Android Project\AndroidManifest.xml:41:22-71
uses-permission#android.permission.AUTHENTICATE_ACCOUNTS
ADDED from workspace\SCC Android Project\AndroidManifest.xml:42:5-80
	android:name
		ADDED from workspace\SCC Android Project\AndroidManifest.xml:42:22-77
uses-permission#android.permission.WRITE_EXTERNAL_STORAGE
ADDED from workspace\SCC Android Project\AndroidManifest.xml:46:5-81
	android:name
		ADDED from workspace\SCC Android Project\AndroidManifest.xml:46:22-78
uses-permission#android.permission.INTERNET
ADDED from workspace\SCC Android Project\AndroidManifest.xml:50:5-67
	android:name
		ADDED from workspace\SCC Android Project\AndroidManifest.xml:50:22-64
uses-permission#android.permission.READ_SYNC_STATS
ADDED from workspace\SCC Android Project\AndroidManifest.xml:51:5-74
	android:name
		ADDED from workspace\SCC Android Project\AndroidManifest.xml:51:22-71
uses-permission#android.permission.READ_SYNC_SETTINGS
ADDED from workspace\SCC Android Project\AndroidManifest.xml:52:5-77
	android:name
		ADDED from workspace\SCC Android Project\AndroidManifest.xml:52:22-74
uses-permission#android.permission.WRITE_SYNC_SETTINGS
ADDED from workspace\SCC Android Project\AndroidManifest.xml:53:5-78
	android:name
		ADDED from workspace\SCC Android Project\AndroidManifest.xml:53:22-75
uses-permission#android.permission.BROADCAST_STICKY
ADDED from workspace\SCC Android Project\AndroidManifest.xml:54:5-75
	android:name
		ADDED from workspace\SCC Android Project\AndroidManifest.xml:54:22-72
uses-permission#android.permission.ACCESS_NETWORK_STATE
ADDED from workspace\SCC Android Project\AndroidManifest.xml:55:5-79
	android:name
		ADDED from workspace\SCC Android Project\AndroidManifest.xml:55:22-76
uses-permission#android.permission.RECEIVE_BOOT_COMPLETED
ADDED from workspace\SCC Android Project\AndroidManifest.xml:56:5-81
	android:name
		ADDED from workspace\SCC Android Project\AndroidManifest.xml:56:22-78
uses-permission#android.permission.WAKE_LOCK
ADDED from workspace\SCC Android Project\AndroidManifest.xml:57:5-68
	android:name
		ADDED from workspace\SCC Android Project\AndroidManifest.xml:57:22-65
application
ADDED from workspace\SCC Android Project\AndroidManifest.xml:59:5-249:19
MERGED from [com.android.support:support-v4:23.4.0] AndroidManifest.xml:22:5-20
MERGED from [com.android.support:design:23.4.0] AndroidManifest.xml:22:5-20
MERGED from [com.android.support:support-v4:23.4.0] AndroidManifest.xml:22:5-20
MERGED from [com.android.support:appcompat-v7:23.4.0] AndroidManifest.xml:25:5-20
MERGED from [com.android.support:animated-vector-drawable:23.4.0] AndroidManifest.xml:7:5-20
MERGED from [com.android.support:support-vector-drawable:23.4.0] AndroidManifest.xml:7:5-20
MERGED from [com.android.support:support-v4:23.4.0] AndroidManifest.xml:22:5-20
MERGED from [com.android.support:support-v4:23.4.0] AndroidManifest.xml:22:5-20
MERGED from [com.android.support:support-vector-drawable:23.4.0] AndroidManifest.xml:7:5-20
MERGED from [com.android.support:support-v4:23.4.0] AndroidManifest.xml:22:5-20
MERGED from [com.android.support:support-v4:23.4.0] AndroidManifest.xml:22:5-20
MERGED from [com.android.support:appcompat-v7:23.4.0] AndroidManifest.xml:25:5-20
MERGED from [com.android.support:animated-vector-drawable:23.4.0] AndroidManifest.xml:7:5-20
MERGED from [com.android.support:support-vector-drawable:23.4.0] AndroidManifest.xml:7:5-20
MERGED from [com.android.support:support-v4:23.4.0] AndroidManifest.xml:22:5-20
MERGED from [com.android.support:support-v4:23.4.0] AndroidManifest.xml:22:5-20
MERGED from [com.android.support:support-vector-drawable:23.4.0] AndroidManifest.xml:7:5-20
MERGED from [com.android.support:support-v4:23.4.0] AndroidManifest.xml:22:5-20
MERGED from [com.android.support:cardview-v7:23.4.0] AndroidManifest.xml:22:5-20
MERGED from [com.getbase:floatingactionbutton:1.10.1] AndroidManifest.xml:12:5-20
	android:label
		ADDED from workspace\SCC Android Project\AndroidManifest.xml:62:9-41
	android:manageSpaceActivity
		ADDED from workspace\SCC Android Project\AndroidManifest.xml:64:9-91
	android:icon
		ADDED from workspace\SCC Android Project\AndroidManifest.xml:61:9-43
	android:theme
		ADDED from workspace\SCC Android Project\AndroidManifest.xml:63:9-54
	android:name
		ADDED from workspace\SCC Android Project\AndroidManifest.xml:60:6-65
activity#com.owncloud.android.ui.activity.FileDisplayActivity
ADDED from workspace\SCC Android Project\AndroidManifest.xml:65:9-74:20
	android:label
		ADDED from workspace\SCC Android Project\AndroidManifest.xml:67:13-45
	android:theme
		ADDED from workspace\SCC Android Project\AndroidManifest.xml:68:13-65
	android:name
		ADDED from workspace\SCC Android Project\AndroidManifest.xml:66:13-60
intent-filter#android.intent.action.MAIN+android.intent.category.LAUNCHER
ADDED from workspace\SCC Android Project\AndroidManifest.xml:69:13-73:29
action#android.intent.action.MAIN
ADDED from workspace\SCC Android Project\AndroidManifest.xml:70:17-69
	android:name
		ADDED from workspace\SCC Android Project\AndroidManifest.xml:70:25-66
category#android.intent.category.LAUNCHER
ADDED from workspace\SCC Android Project\AndroidManifest.xml:72:17-77
	android:name
		ADDED from workspace\SCC Android Project\AndroidManifest.xml:72:27-74
activity#com.owncloud.android.ui.activity.ManageAccountsActivity
ADDED from workspace\SCC Android Project\AndroidManifest.xml:75:9-72
	android:name
		ADDED from workspace\SCC Android Project\AndroidManifest.xml:75:19-69
activity#com.owncloud.android.ui.activity.UploadFilesActivity
ADDED from workspace\SCC Android Project\AndroidManifest.xml:76:9-69
	android:name
		ADDED from workspace\SCC Android Project\AndroidManifest.xml:76:19-66
activity#com.owncloud.android.ui.activity.ReceiveExternalFilesActivity
ADDED from workspace\SCC Android Project\AndroidManifest.xml:77:9-95:20
	android:excludeFromRecents
		ADDED from workspace\SCC Android Project\AndroidManifest.xml:79:19-52
	android:theme
		ADDED from workspace\SCC Android Project\AndroidManifest.xml:80:19-68
	android:taskAffinity
		ADDED from workspace\SCC Android Project\AndroidManifest.xml:78:19-42
	android:name
		ADDED from workspace\SCC Android Project\AndroidManifest.xml:77:19-75
intent-filter#android.intent.action.SEND+android.intent.category.DEFAULT
ADDED from workspace\SCC Android Project\AndroidManifest.xml:81:13-87:29
action#android.intent.action.SEND
ADDED from workspace\SCC Android Project\AndroidManifest.xml:82:17-69
	android:name
		ADDED from workspace\SCC Android Project\AndroidManifest.xml:82:25-66
category#android.intent.category.DEFAULT
ADDED from workspace\SCC Android Project\AndroidManifest.xml:84:17-76
	android:name
		ADDED from workspace\SCC Android Project\AndroidManifest.xml:84:27-73
data
ADDED from workspace\SCC Android Project\AndroidManifest.xml:86:17-48
	android:mimeType
		ADDED from workspace\SCC Android Project\AndroidManifest.xml:86:23-45
intent-filter#android.intent.action.SEND_MULTIPLE+android.intent.category.DEFAULT
ADDED from workspace\SCC Android Project\AndroidManifest.xml:88:13-94:29
action#android.intent.action.SEND_MULTIPLE
ADDED from workspace\SCC Android Project\AndroidManifest.xml:89:17-78
	android:name
		ADDED from workspace\SCC Android Project\AndroidManifest.xml:89:25-75
activity#com.owncloud.android.ui.activity.Preferences
ADDED from workspace\SCC Android Project\AndroidManifest.xml:96:9-99:20
	android:theme
		ADDED from workspace\SCC Android Project\AndroidManifest.xml:98:13-50
	android:name
		ADDED from workspace\SCC Android Project\AndroidManifest.xml:97:13-52
activity#com.owncloud.android.ui.preview.PreviewImageActivity
ADDED from workspace\SCC Android Project\AndroidManifest.xml:100:9-102:61
	android:theme
		ADDED from workspace\SCC Android Project\AndroidManifest.xml:102:13-58
	android:name
		ADDED from workspace\SCC Android Project\AndroidManifest.xml:101:13-60
activity#com.owncloud.android.ui.preview.PreviewVideoActivity
ADDED from workspace\SCC Android Project\AndroidManifest.xml:103:9-106:64
	android:label
		ADDED from workspace\SCC Android Project\AndroidManifest.xml:105:13-45
	android:theme
		ADDED from workspace\SCC Android Project\AndroidManifest.xml:106:13-61
	android:name
		ADDED from workspace\SCC Android Project\AndroidManifest.xml:104:13-60
service#com.owncloud.android.authentication.AccountAuthenticatorService
ADDED from workspace\SCC Android Project\AndroidManifest.xml:108:9-118:19
	android:exported
		ADDED from workspace\SCC Android Project\AndroidManifest.xml:110:13-36
	android:name
		ADDED from workspace\SCC Android Project\AndroidManifest.xml:109:13-71
intent-filter#android.accounts.AccountAuthenticator
ADDED from workspace\SCC Android Project\AndroidManifest.xml:111:13-113:29
	android:priority
		ADDED from workspace\SCC Android Project\AndroidManifest.xml:111:28-50
action#android.accounts.AccountAuthenticator
ADDED from workspace\SCC Android Project\AndroidManifest.xml:112:17-80
	android:name
		ADDED from workspace\SCC Android Project\AndroidManifest.xml:112:25-77
meta-data#android.accounts.AccountAuthenticator
ADDED from workspace\SCC Android Project\AndroidManifest.xml:115:13-117:57
	android:resource
		ADDED from workspace\SCC Android Project\AndroidManifest.xml:117:17-54
	android:name
		ADDED from workspace\SCC Android Project\AndroidManifest.xml:116:17-69
service#com.owncloud.android.syncadapter.FileSyncService
ADDED from workspace\SCC Android Project\AndroidManifest.xml:119:9-129:19
	android:exported
		ADDED from workspace\SCC Android Project\AndroidManifest.xml:121:13-36
	android:name
		ADDED from workspace\SCC Android Project\AndroidManifest.xml:120:13-56
intent-filter#android.content.SyncAdapter
ADDED from workspace\SCC Android Project\AndroidManifest.xml:122:13-124:29
action#android.content.SyncAdapter
ADDED from workspace\SCC Android Project\AndroidManifest.xml:123:17-70
	android:name
		ADDED from workspace\SCC Android Project\AndroidManifest.xml:123:25-67
meta-data#android.content.SyncAdapter
ADDED from workspace\SCC Android Project\AndroidManifest.xml:126:13-128:61
	android:resource
		ADDED from workspace\SCC Android Project\AndroidManifest.xml:128:17-58
	android:name
		ADDED from workspace\SCC Android Project\AndroidManifest.xml:127:17-59
provider#com.owncloud.android.providers.FileContentProvider
ADDED from workspace\SCC Android Project\AndroidManifest.xml:131:9-137:39
	android:authorities
		ADDED from workspace\SCC Android Project\AndroidManifest.xml:133:13-52
	android:enabled
		ADDED from workspace\SCC Android Project\AndroidManifest.xml:134:13-35
	android:label
		ADDED from workspace\SCC Android Project\AndroidManifest.xml:136:13-54
	android:syncable
		ADDED from workspace\SCC Android Project\AndroidManifest.xml:137:13-36
	android:exported
		ADDED from workspace\SCC Android Project\AndroidManifest.xml:135:13-36
	android:name
		ADDED from workspace\SCC Android Project\AndroidManifest.xml:132:13-58
provider#com.owncloud.android.providers.UsersAndGroupsSearchProvider
ADDED from workspace\SCC Android Project\AndroidManifest.xml:139:9-144:68
	android:authorities
		ADDED from workspace\SCC Android Project\AndroidManifest.xml:141:13-95
	android:enabled
		ADDED from workspace\SCC Android Project\AndroidManifest.xml:142:13-35
	android:label
		ADDED from workspace\SCC Android Project\AndroidManifest.xml:144:13-65
	android:exported
		ADDED from workspace\SCC Android Project\AndroidManifest.xml:143:13-37
	android:name
		ADDED from workspace\SCC Android Project\AndroidManifest.xml:140:13-67
provider#org.nextcloud.providers.DocumentsStorageProvider
ADDED from workspace\SCC Android Project\AndroidManifest.xml:146:9-156:20
	android:authorities
		ADDED from workspace\SCC Android Project\AndroidManifest.xml:148:13-70
	android:enabled
		ADDED from workspace\SCC Android Project\AndroidManifest.xml:152:13-50
	android:grantUriPermissions
		ADDED from workspace\SCC Android Project\AndroidManifest.xml:150:13-47
	android:exported
		ADDED from workspace\SCC Android Project\AndroidManifest.xml:149:13-36
	android:permission
		ADDED from workspace\SCC Android Project\AndroidManifest.xml:151:13-69
	android:name
		ADDED from workspace\SCC Android Project\AndroidManifest.xml:147:13-76
intent-filter#android.content.action.DOCUMENTS_PROVIDER
ADDED from workspace\SCC Android Project\AndroidManifest.xml:153:13-155:29
action#android.content.action.DOCUMENTS_PROVIDER
ADDED from workspace\SCC Android Project\AndroidManifest.xml:154:17-84
	android:name
		ADDED from workspace\SCC Android Project\AndroidManifest.xml:154:25-81
activity#com.owncloud.android.authentication.AuthenticatorActivity
ADDED from workspace\SCC Android Project\AndroidManifest.xml:158:9-176:20
	android:launchMode
		ADDED from workspace\SCC Android Project\AndroidManifest.xml:161:13-44
	android:exported
		ADDED from workspace\SCC Android Project\AndroidManifest.xml:160:13-36
	android:theme
		ADDED from workspace\SCC Android Project\AndroidManifest.xml:162:13-68
	android:name
		ADDED from workspace\SCC Android Project\AndroidManifest.xml:159:13-65
intent-filter#android.intent.action.VIEW+android.intent.category.BROWSABLE+android.intent.category.DEFAULT
ADDED from workspace\SCC Android Project\AndroidManifest.xml:163:13-170:29
action#android.intent.action.VIEW
ADDED from workspace\SCC Android Project\AndroidManifest.xml:164:17-69
	android:name
		ADDED from workspace\SCC Android Project\AndroidManifest.xml:164:25-66
category#android.intent.category.BROWSABLE
ADDED from workspace\SCC Android Project\AndroidManifest.xml:167:17-78
	android:name
		ADDED from workspace\SCC Android Project\AndroidManifest.xml:167:27-75
intent-filter#android.intent.category.DEFAULT+com.owncloud.android.workaround.accounts.CREATE
ADDED from workspace\SCC Android Project\AndroidManifest.xml:171:13-175:29
action#com.owncloud.android.workaround.accounts.CREATE
ADDED from workspace\SCC Android Project\AndroidManifest.xml:172:17-90
	android:name
		ADDED from workspace\SCC Android Project\AndroidManifest.xml:172:25-87
service#com.owncloud.android.services.OperationsService
ADDED from workspace\SCC Android Project\AndroidManifest.xml:178:9-63
	android:name
		ADDED from workspace\SCC Android Project\AndroidManifest.xml:178:18-60
service#com.owncloud.android.files.services.FileDownloader
ADDED from workspace\SCC Android Project\AndroidManifest.xml:179:9-66
	android:name
		ADDED from workspace\SCC Android Project\AndroidManifest.xml:179:18-63
service#com.owncloud.android.files.services.FileUploader
ADDED from workspace\SCC Android Project\AndroidManifest.xml:180:9-64
	android:name
		ADDED from workspace\SCC Android Project\AndroidManifest.xml:180:18-61
service#com.owncloud.android.media.MediaService
ADDED from workspace\SCC Android Project\AndroidManifest.xml:181:9-55
	android:name
		ADDED from workspace\SCC Android Project\AndroidManifest.xml:181:18-52
activity#com.owncloud.android.ui.activity.PassCodeActivity
ADDED from workspace\SCC Android Project\AndroidManifest.xml:183:9-66
	android:name
		ADDED from workspace\SCC Android Project\AndroidManifest.xml:183:19-63
activity#com.owncloud.android.ui.activity.ConflictsResolveActivity
ADDED from workspace\SCC Android Project\AndroidManifest.xml:184:9-73
	android:name
		ADDED from workspace\SCC Android Project\AndroidManifest.xml:184:19-71
activity#com.owncloud.android.ui.activity.GenericExplanationActivity
ADDED from workspace\SCC Android Project\AndroidManifest.xml:185:9-75
	android:name
		ADDED from workspace\SCC Android Project\AndroidManifest.xml:185:19-73
activity#com.owncloud.android.ui.activity.ErrorsWhileCopyingHandlerActivity
ADDED from workspace\SCC Android Project\AndroidManifest.xml:186:9-82
	android:name
		ADDED from workspace\SCC Android Project\AndroidManifest.xml:186:19-80
activity#com.owncloud.android.ui.activity.LogHistoryActivity
ADDED from workspace\SCC Android Project\AndroidManifest.xml:188:9-67
	android:name
		ADDED from workspace\SCC Android Project\AndroidManifest.xml:188:19-65
activity#com.owncloud.android.ui.errorhandling.ErrorShowActivity
ADDED from workspace\SCC Android Project\AndroidManifest.xml:190:9-72
	android:name
		ADDED from workspace\SCC Android Project\AndroidManifest.xml:190:19-69
activity#com.owncloud.android.ui.activity.UploadListActivity
ADDED from workspace\SCC Android Project\AndroidManifest.xml:191:9-68
	android:name
		ADDED from workspace\SCC Android Project\AndroidManifest.xml:191:19-65
receiver#com.owncloud.android.files.services.ConnectivityActionReceiver
ADDED from workspace\SCC Android Project\AndroidManifest.xml:193:9-199:14
	android:enabled
		ADDED from workspace\SCC Android Project\AndroidManifest.xml:194:7-29
	android:label
		ADDED from workspace\SCC Android Project\AndroidManifest.xml:194:30-72
	android:name
		ADDED from workspace\SCC Android Project\AndroidManifest.xml:193:19-76
intent-filter#android.net.wifi.STATE_CHANGE
ADDED from workspace\SCC Android Project\AndroidManifest.xml:195:7-198:23
action#android.net.wifi.STATE_CHANGE
ADDED from workspace\SCC Android Project\AndroidManifest.xml:197:11-65
	android:name
		ADDED from workspace\SCC Android Project\AndroidManifest.xml:197:19-63
receiver#com.owncloud.android.files.InstantUploadBroadcastReceiver
ADDED from workspace\SCC Android Project\AndroidManifest.xml:200:3-215:20
	android:name
		ADDED from workspace\SCC Android Project\AndroidManifest.xml:200:13-65
intent-filter#android.hardware.action.NEW_PICTURE+com.android.camera.NEW_PICTURE
ADDED from workspace\SCC Android Project\AndroidManifest.xml:201:13-209:29
action#com.android.camera.NEW_PICTURE
ADDED from workspace\SCC Android Project\AndroidManifest.xml:204:17-73
	android:name
		ADDED from workspace\SCC Android Project\AndroidManifest.xml:204:25-70
action#android.hardware.action.NEW_PICTURE
ADDED from workspace\SCC Android Project\AndroidManifest.xml:206:17-78
	android:name
		ADDED from workspace\SCC Android Project\AndroidManifest.xml:206:25-75
intent-filter#android.hardware.action.NEW_VIDEO
ADDED from workspace\SCC Android Project\AndroidManifest.xml:210:13-214:29
action#android.hardware.action.NEW_VIDEO
ADDED from workspace\SCC Android Project\AndroidManifest.xml:211:17-76
	android:name
		ADDED from workspace\SCC Android Project\AndroidManifest.xml:211:25-73
receiver#com.owncloud.android.files.BootupBroadcastReceiver
ADDED from workspace\SCC Android Project\AndroidManifest.xml:216:9-220:20
	android:name
		ADDED from workspace\SCC Android Project\AndroidManifest.xml:216:19-64
intent-filter#android.intent.action.BOOT_COMPLETED
ADDED from workspace\SCC Android Project\AndroidManifest.xml:217:13-219:29
action#android.intent.action.BOOT_COMPLETED
ADDED from workspace\SCC Android Project\AndroidManifest.xml:218:17-79
	android:name
		ADDED from workspace\SCC Android Project\AndroidManifest.xml:218:25-76
service#com.owncloud.android.services.observer.FileObserverService
ADDED from workspace\SCC Android Project\AndroidManifest.xml:222:9-74
	android:name
		ADDED from workspace\SCC Android Project\AndroidManifest.xml:222:18-71
activity#com.owncloud.android.ui.activity.CopyToClipboardActivity
ADDED from workspace\SCC Android Project\AndroidManifest.xml:224:9-227:49
	android:label
		ADDED from workspace\SCC Android Project\AndroidManifest.xml:227:13-46
	android:icon
		ADDED from workspace\SCC Android Project\AndroidManifest.xml:226:13-47
	android:name
		ADDED from workspace\SCC Android Project\AndroidManifest.xml:225:13-64
activity#com.owncloud.android.ui.activity.FolderPickerActivity
ADDED from workspace\SCC Android Project\AndroidManifest.xml:228:9-230:48
	android:label
		ADDED from workspace\SCC Android Project\AndroidManifest.xml:230:13-45
	android:name
		ADDED from workspace\SCC Android Project\AndroidManifest.xml:229:13-61
activity#com.owncloud.android.ui.activity.UploadPathActivity
ADDED from workspace\SCC Android Project\AndroidManifest.xml:231:9-233:48
	android:label
		ADDED from workspace\SCC Android Project\AndroidManifest.xml:233:13-45
	android:name
		ADDED from workspace\SCC Android Project\AndroidManifest.xml:232:13-59
activity#com.owncloud.android.ui.activity.ShareActivity
ADDED from workspace\SCC Android Project\AndroidManifest.xml:234:9-245:20
	android:label
		ADDED from workspace\SCC Android Project\AndroidManifest.xml:236:13-55
	android:launchMode
		ADDED from workspace\SCC Android Project\AndroidManifest.xml:238:13-43
	android:windowSoftInputMode
		ADDED from workspace\SCC Android Project\AndroidManifest.xml:239:13-55
	android:theme
		ADDED from workspace\SCC Android Project\AndroidManifest.xml:237:13-65
	android:name
		ADDED from workspace\SCC Android Project\AndroidManifest.xml:235:13-54
intent-filter#android.intent.action.SEARCH
ADDED from workspace\SCC Android Project\AndroidManifest.xml:240:13-242:29
action#android.intent.action.SEARCH
ADDED from workspace\SCC Android Project\AndroidManifest.xml:241:17-71
	android:name
		ADDED from workspace\SCC Android Project\AndroidManifest.xml:241:25-68
meta-data#android.app.searchable
ADDED from workspace\SCC Android Project\AndroidManifest.xml:243:13-244:77
	android:resource
		ADDED from workspace\SCC Android Project\AndroidManifest.xml:244:24-75
	android:name
		ADDED from workspace\SCC Android Project\AndroidManifest.xml:243:24-61
activity#com.owncloud.android.ui.activity.ManageSpaceActivity
ADDED from workspace\SCC Android Project\AndroidManifest.xml:246:9-248:59
	android:label
		ADDED from workspace\SCC Android Project\AndroidManifest.xml:247:19-61
	android:theme
		ADDED from workspace\SCC Android Project\AndroidManifest.xml:248:19-56
	android:name
		ADDED from workspace\SCC Android Project\AndroidManifest.xml:246:19-66